<?xml version="1.0" encoding="UTF-8"?>
<!-- Generated by org.testng.reporters.JUnitReportReporter -->
<testsuite skipped="0" hostname="IDKUT-W-C09EEBG" name="seleniumGrid.TestGridClass" tests="1" failures="0" timestamp="04 Mar 2020 07:23:19 GMT" time="3.341" errors="0">
  <testcase name="calculatepercent" time="3.341" classname="seleniumGrid.TestGridClass"/>
</testsuite> <!-- seleniumGrid.TestGridClass -->
